<?xml version="1.0" encoding="UTF-8" standalone="no"?><testsuite errors="1" failures="0" name="Loguearse en el sistema" skipped="0" tests="1" time="1.69" timestamp="2024-11-10 03:58:11"><testcase name="Registro de datos del candidato"><error type="java.lang.NullPointerException"/><system-err>null&#13;
com.google.common.base.Preconditions.checkNotNull(Preconditions.java:903)&#13;
co.co.choucair.reto.stepdefinitions.RegistroCandidato.ingresaLosDatosDelCandidato(RegistroCandidato.java:18)&#13;
✽.ingresa los datos del candidato(file:///C:/Users/omar1/IdeaProjects/co.co.choucair.reto/src/test/resources/features/loginUser.feature:20)&#13;
</system-err></testcase></testsuite>